<?xml version="1.0" encoding="UTF-8"?>
<testng-results skipped="0" failed="0" total="1" passed="1">
  <reporter-output>
  </reporter-output>
  <suite name="Default suite" duration-ms="14517" started-at="2020-10-15T05:31:50Z" finished-at="2020-10-15T05:32:05Z">
    <groups>
    </groups>
    <test name="Default test" duration-ms="14517" started-at="2020-10-15T05:31:50Z" finished-at="2020-10-15T05:32:05Z">
      <class name="example.Main">
        <test-method status="PASS" signature="beforeTest()[pri:0, instance:example.Main@5ae9a829]" name="beforeTest" is-config="true" duration-ms="18" started-at="2020-10-15T12:31:50Z" finished-at="2020-10-15T12:31:50Z">
          <reporter-output>
          </reporter-output>
        </test-method> <!-- beforeTest -->
        <test-method status="PASS" signature="mainCase()[pri:0, instance:example.Main@5ae9a829]" name="mainCase" duration-ms="11813" started-at="2020-10-15T12:31:50Z" finished-at="2020-10-15T12:32:02Z">
          <reporter-output>
          </reporter-output>
        </test-method> <!-- mainCase -->
        <test-method status="PASS" signature="afterTest()[pri:0, instance:example.Main@5ae9a829]" name="afterTest" is-config="true" duration-ms="2635" started-at="2020-10-15T12:32:02Z" finished-at="2020-10-15T12:32:05Z">
          <reporter-output>
          </reporter-output>
        </test-method> <!-- afterTest -->
      </class> <!-- example.Main -->
    </test> <!-- Default test -->
  </suite> <!-- Default suite -->
</testng-results>
