<?xml version="1.0" encoding="UTF-8"?>
<testng-results skipped="0" failed="0" total="1" passed="1">
  <reporter-output>
  </reporter-output>
  <suite name="Default suite" duration-ms="11830" started-at="2020-10-14T05:40:59Z" finished-at="2020-10-14T05:41:11Z">
    <groups>
    </groups>
    <test name="Default test" duration-ms="11830" started-at="2020-10-14T05:40:59Z" finished-at="2020-10-14T05:41:11Z">
      <class name="example.Main">
        <test-method status="PASS" signature="beforeTest()[pri:0, instance:example.Main@5ae9a829]" name="beforeTest" is-config="true" duration-ms="20" started-at="2020-10-14T12:40:59Z" finished-at="2020-10-14T12:40:59Z">
          <reporter-output>
          </reporter-output>
        </test-method> <!-- beforeTest -->
        <test-method status="PASS" signature="mainCase()[pri:0, instance:example.Main@5ae9a829]" name="mainCase" duration-ms="10558" started-at="2020-10-14T12:40:59Z" finished-at="2020-10-14T12:41:10Z">
          <reporter-output>
          </reporter-output>
        </test-method> <!-- mainCase -->
        <test-method status="PASS" signature="afterTest()[pri:0, instance:example.Main@5ae9a829]" name="afterTest" is-config="true" duration-ms="1213" started-at="2020-10-14T12:41:10Z" finished-at="2020-10-14T12:41:11Z">
          <reporter-output>
          </reporter-output>
        </test-method> <!-- afterTest -->
      </class> <!-- example.Main -->
    </test> <!-- Default test -->
  </suite> <!-- Default suite -->
</testng-results>
